Determining if the pthread_create exist failed with the following output:
Change Dir: /home/skye/software_projs/ros_playground/rplidar/build/CMakeFiles/CMakeTmp

Run Build Command:"/usr/bin/make" "cmTC_3a4c2/fast"
/usr/bin/make -f CMakeFiles/cmTC_3a4c2.dir/build.make CMakeFiles/cmTC_3a4c2.dir/build
make[1]: Entering directory '/home/skye/software_projs/ros_playground/rplidar/build/CMakeFiles/CMakeTmp'
Building C object CMakeFiles/cmTC_3a4c2.dir/CheckSymbolExists.c.o
/usr/bin/cc     -o CMakeFiles/cmTC_3a4c2.dir/CheckSymbolExists.c.o   -c /home/skye/software_projs/ros_playground/rplidar/build/CMakeFiles/CMakeTmp/CheckSymbolExists.c
Linking C executable cmTC_3a4c2
/usr/bin/cmake -E cmake_link_script CMakeFiles/cmTC_3a4c2.dir/link.txt --verbose=1
/usr/bin/cc       CMakeFiles/cmTC_3a4c2.dir/CheckSymbolExists.c.o  -o cmTC_3a4c2 -rdynamic 
CMakeFiles/cmTC_3a4c2.dir/CheckSymbolExists.c.o: In function `main':
CheckSymbolExists.c:(.text+0x16): undefined reference to `pthread_create'
collect2: error: ld returned 1 exit status
CMakeFiles/cmTC_3a4c2.dir/build.make:97: recipe for target 'cmTC_3a4c2' failed
make[1]: *** [cmTC_3a4c2] Error 1
make[1]: Leaving directory '/home/skye/software_projs/ros_playground/rplidar/build/CMakeFiles/CMakeTmp'
Makefile:126: recipe for target 'cmTC_3a4c2/fast' failed
make: *** [cmTC_3a4c2/fast] Error 2

File /home/skye/software_projs/ros_playground/rplidar/build/CMakeFiles/CMakeTmp/CheckSymbolExists.c:
/* */
#include <pthread.h>

int main(int argc, char** argv)
{
  (void)argv;
#ifndef pthread_create
  return ((int*)(&pthread_create))[argc];
#else
  (void)argc;
  return 0;
#endif
}

Determining if the function pthread_create exists in the pthreads failed with the following output:
Change Dir: /home/skye/software_projs/ros_playground/rplidar/build/CMakeFiles/CMakeTmp

Run Build Command:"/usr/bin/make" "cmTC_4e8b0/fast"
/usr/bin/make -f CMakeFiles/cmTC_4e8b0.dir/build.make CMakeFiles/cmTC_4e8b0.dir/build
make[1]: Entering directory '/home/skye/software_projs/ros_playground/rplidar/build/CMakeFiles/CMakeTmp'
Building C object CMakeFiles/cmTC_4e8b0.dir/CheckFunctionExists.c.o
/usr/bin/cc    -DCHECK_FUNCTION_EXISTS=pthread_create   -o CMakeFiles/cmTC_4e8b0.dir/CheckFunctionExists.c.o   -c /usr/share/cmake-3.5/Modules/CheckFunctionExists.c
Linking C executable cmTC_4e8b0
/usr/bin/cmake -E cmake_link_script CMakeFiles/cmTC_4e8b0.dir/link.txt --verbose=1
/usr/bin/cc   -DCHECK_FUNCTION_EXISTS=pthread_create    CMakeFiles/cmTC_4e8b0.dir/CheckFunctionExists.c.o  -o cmTC_4e8b0 -rdynamic -lpthreads 
/usr/bin/ld: cannot find -lpthreads
collect2: error: ld returned 1 exit status
CMakeFiles/cmTC_4e8b0.dir/build.make:97: recipe for target 'cmTC_4e8b0' failed
make[1]: *** [cmTC_4e8b0] Error 1
make[1]: Leaving directory '/home/skye/software_projs/ros_playground/rplidar/build/CMakeFiles/CMakeTmp'
Makefile:126: recipe for target 'cmTC_4e8b0/fast' failed
make: *** [cmTC_4e8b0/fast] Error 2


Determining if the Q_WS_WIN exist failed with the following output:
Change Dir: /home/skye/software_projs/ros_playground/rplidar/build/CMakeFiles/CMakeTmp

Run Build Command:"/usr/bin/make" "cmTC_bd2ea/fast"
/usr/bin/make -f CMakeFiles/cmTC_bd2ea.dir/build.make CMakeFiles/cmTC_bd2ea.dir/build
make[1]: Entering directory '/home/skye/software_projs/ros_playground/rplidar/build/CMakeFiles/CMakeTmp'
Building CXX object CMakeFiles/cmTC_bd2ea.dir/CheckSymbolExists.cxx.o
/usr/bin/c++    -I/usr/include/qt4   -o CMakeFiles/cmTC_bd2ea.dir/CheckSymbolExists.cxx.o -c /home/skye/software_projs/ros_playground/rplidar/build/CMakeFiles/CMakeTmp/CheckSymbolExists.cxx
/home/skye/software_projs/ros_playground/rplidar/build/CMakeFiles/CMakeTmp/CheckSymbolExists.cxx: In function ‘int main(int, char**)’:
/home/skye/software_projs/ros_playground/rplidar/build/CMakeFiles/CMakeTmp/CheckSymbolExists.cxx:8:19: error: ‘Q_WS_WIN’ was not declared in this scope
   return ((int*)(&Q_WS_WIN))[argc];
                   ^
CMakeFiles/cmTC_bd2ea.dir/build.make:65: recipe for target 'CMakeFiles/cmTC_bd2ea.dir/CheckSymbolExists.cxx.o' failed
make[1]: *** [CMakeFiles/cmTC_bd2ea.dir/CheckSymbolExists.cxx.o] Error 1
make[1]: Leaving directory '/home/skye/software_projs/ros_playground/rplidar/build/CMakeFiles/CMakeTmp'
Makefile:126: recipe for target 'cmTC_bd2ea/fast' failed
make: *** [cmTC_bd2ea/fast] Error 2

File /home/skye/software_projs/ros_playground/rplidar/build/CMakeFiles/CMakeTmp/CheckSymbolExists.cxx:
/* */
#include <QtCore/qglobal.h>

int main(int argc, char** argv)
{
  (void)argv;
#ifndef Q_WS_WIN
  return ((int*)(&Q_WS_WIN))[argc];
#else
  (void)argc;
  return 0;
#endif
}

Determining if the Q_WS_QWS exist failed with the following output:
Change Dir: /home/skye/software_projs/ros_playground/rplidar/build/CMakeFiles/CMakeTmp

Run Build Command:"/usr/bin/make" "cmTC_905a2/fast"
/usr/bin/make -f CMakeFiles/cmTC_905a2.dir/build.make CMakeFiles/cmTC_905a2.dir/build
make[1]: Entering directory '/home/skye/software_projs/ros_playground/rplidar/build/CMakeFiles/CMakeTmp'
Building CXX object CMakeFiles/cmTC_905a2.dir/CheckSymbolExists.cxx.o
/usr/bin/c++    -I/usr/include/qt4   -o CMakeFiles/cmTC_905a2.dir/CheckSymbolExists.cxx.o -c /home/skye/software_projs/ros_playground/rplidar/build/CMakeFiles/CMakeTmp/CheckSymbolExists.cxx
/home/skye/software_projs/ros_playground/rplidar/build/CMakeFiles/CMakeTmp/CheckSymbolExists.cxx: In function ‘int main(int, char**)’:
/home/skye/software_projs/ros_playground/rplidar/build/CMakeFiles/CMakeTmp/CheckSymbolExists.cxx:8:19: error: ‘Q_WS_QWS’ was not declared in this scope
   return ((int*)(&Q_WS_QWS))[argc];
                   ^
CMakeFiles/cmTC_905a2.dir/build.make:65: recipe for target 'CMakeFiles/cmTC_905a2.dir/CheckSymbolExists.cxx.o' failed
make[1]: *** [CMakeFiles/cmTC_905a2.dir/CheckSymbolExists.cxx.o] Error 1
make[1]: Leaving directory '/home/skye/software_projs/ros_playground/rplidar/build/CMakeFiles/CMakeTmp'
Makefile:126: recipe for target 'cmTC_905a2/fast' failed
make: *** [cmTC_905a2/fast] Error 2

File /home/skye/software_projs/ros_playground/rplidar/build/CMakeFiles/CMakeTmp/CheckSymbolExists.cxx:
/* */
#include <QtCore/qglobal.h>

int main(int argc, char** argv)
{
  (void)argv;
#ifndef Q_WS_QWS
  return ((int*)(&Q_WS_QWS))[argc];
#else
  (void)argc;
  return 0;
#endif
}

Determining if the Q_WS_MAC exist failed with the following output:
Change Dir: /home/skye/software_projs/ros_playground/rplidar/build/CMakeFiles/CMakeTmp

Run Build Command:"/usr/bin/make" "cmTC_c6692/fast"
/usr/bin/make -f CMakeFiles/cmTC_c6692.dir/build.make CMakeFiles/cmTC_c6692.dir/build
make[1]: Entering directory '/home/skye/software_projs/ros_playground/rplidar/build/CMakeFiles/CMakeTmp'
Building CXX object CMakeFiles/cmTC_c6692.dir/CheckSymbolExists.cxx.o
/usr/bin/c++    -I/usr/include/qt4   -o CMakeFiles/cmTC_c6692.dir/CheckSymbolExists.cxx.o -c /home/skye/software_projs/ros_playground/rplidar/build/CMakeFiles/CMakeTmp/CheckSymbolExists.cxx
/home/skye/software_projs/ros_playground/rplidar/build/CMakeFiles/CMakeTmp/CheckSymbolExists.cxx: In function ‘int main(int, char**)’:
/home/skye/software_projs/ros_playground/rplidar/build/CMakeFiles/CMakeTmp/CheckSymbolExists.cxx:8:19: error: ‘Q_WS_MAC’ was not declared in this scope
   return ((int*)(&Q_WS_MAC))[argc];
                   ^
CMakeFiles/cmTC_c6692.dir/build.make:65: recipe for target 'CMakeFiles/cmTC_c6692.dir/CheckSymbolExists.cxx.o' failed
make[1]: *** [CMakeFiles/cmTC_c6692.dir/CheckSymbolExists.cxx.o] Error 1
make[1]: Leaving directory '/home/skye/software_projs/ros_playground/rplidar/build/CMakeFiles/CMakeTmp'
Makefile:126: recipe for target 'cmTC_c6692/fast' failed
make: *** [cmTC_c6692/fast] Error 2

File /home/skye/software_projs/ros_playground/rplidar/build/CMakeFiles/CMakeTmp/CheckSymbolExists.cxx:
/* */
#include <QtCore/qglobal.h>

int main(int argc, char** argv)
{
  (void)argv;
#ifndef Q_WS_MAC
  return ((int*)(&Q_WS_MAC))[argc];
#else
  (void)argc;
  return 0;
#endif
}

